mode: atomic
github.com/tendermint/tendermint/types/block.go:28.81,47.2 3 0
github.com/tendermint/tendermint/types/block.go:51.49,52.26 1 0
github.com/tendermint/tendermint/types/block.go:55.2,55.35 1 0
github.com/tendermint/tendermint/types/block.go:65.2,65.33 1 0
github.com/tendermint/tendermint/types/block.go:68.2,68.40 1 0
github.com/tendermint/tendermint/types/block.go:71.2,71.57 1 0
github.com/tendermint/tendermint/types/block.go:74.2,74.26 1 0
github.com/tendermint/tendermint/types/block.go:79.2,79.45 1 0
github.com/tendermint/tendermint/types/block.go:82.2,82.38 1 0
github.com/tendermint/tendermint/types/block.go:86.2,86.12 1 0
github.com/tendermint/tendermint/types/block.go:52.26,54.3 1 0
github.com/tendermint/tendermint/types/block.go:55.35,57.3 1 0
github.com/tendermint/tendermint/types/block.go:65.33,67.3 1 0
github.com/tendermint/tendermint/types/block.go:68.40,70.3 1 0
github.com/tendermint/tendermint/types/block.go:71.57,73.3 1 0
github.com/tendermint/tendermint/types/block.go:74.26,75.54 1 0
github.com/tendermint/tendermint/types/block.go:75.54,77.4 1 0
github.com/tendermint/tendermint/types/block.go:79.45,81.3 1 0
github.com/tendermint/tendermint/types/block.go:82.38,84.3 1 0
github.com/tendermint/tendermint/types/block.go:90.30,91.29 1 0
github.com/tendermint/tendermint/types/block.go:94.2,94.23 1 0
github.com/tendermint/tendermint/types/block.go:91.29,93.3 1 0
github.com/tendermint/tendermint/types/block.go:94.23,96.3 1 0
github.com/tendermint/tendermint/types/block.go:101.35,103.73 1 0
github.com/tendermint/tendermint/types/block.go:106.2,107.24 2 0
github.com/tendermint/tendermint/types/block.go:103.73,105.3 1 0
github.com/tendermint/tendermint/types/block.go:112.52,114.2 1 0
github.com/tendermint/tendermint/types/block.go:118.44,119.20 1 0
github.com/tendermint/tendermint/types/block.go:122.2,122.14 1 0
github.com/tendermint/tendermint/types/block.go:125.2,125.36 1 0
github.com/tendermint/tendermint/types/block.go:119.20,121.3 1 0
github.com/tendermint/tendermint/types/block.go:122.14,124.3 1 0
github.com/tendermint/tendermint/types/block.go:129.33,131.2 1 0
github.com/tendermint/tendermint/types/block.go:134.54,135.14 1 0
github.com/tendermint/tendermint/types/block.go:138.2,146.20 1 0
github.com/tendermint/tendermint/types/block.go:135.14,137.3 1 0
github.com/tendermint/tendermint/types/block.go:150.38,151.14 1 0
github.com/tendermint/tendermint/types/block.go:151.14,153.3 1 0
github.com/tendermint/tendermint/types/block.go:153.3,155.3 1 0
github.com/tendermint/tendermint/types/block.go:176.36,177.32 1 0
github.com/tendermint/tendermint/types/block.go:180.2,191.4 1 0
github.com/tendermint/tendermint/types/block.go:177.32,179.3 1 0
github.com/tendermint/tendermint/types/block.go:195.55,196.14 1 0
github.com/tendermint/tendermint/types/block.go:199.2,221.20 1 0
github.com/tendermint/tendermint/types/block.go:196.14,198.3 1 0
github.com/tendermint/tendermint/types/block.go:242.46,243.33 1 2
github.com/tendermint/tendermint/types/block.go:246.2,246.34 1 2
github.com/tendermint/tendermint/types/block.go:249.2,249.46 1 1
github.com/tendermint/tendermint/types/block.go:255.2,255.12 1 0
github.com/tendermint/tendermint/types/block.go:243.33,245.3 1 0
github.com/tendermint/tendermint/types/block.go:246.34,248.3 1 1
github.com/tendermint/tendermint/types/block.go:249.46,250.23 1 1
github.com/tendermint/tendermint/types/block.go:250.23,253.4 2 1
github.com/tendermint/tendermint/types/block.go:259.36,260.33 1 1
github.com/tendermint/tendermint/types/block.go:263.2,263.39 1 1
github.com/tendermint/tendermint/types/block.go:260.33,262.3 1 0
github.com/tendermint/tendermint/types/block.go:267.35,268.33 1 1
github.com/tendermint/tendermint/types/block.go:271.2,271.38 1 1
github.com/tendermint/tendermint/types/block.go:268.33,270.3 1 0
github.com/tendermint/tendermint/types/block.go:275.35,277.2 1 0
github.com/tendermint/tendermint/types/block.go:280.34,281.19 1 0
github.com/tendermint/tendermint/types/block.go:284.2,284.31 1 0
github.com/tendermint/tendermint/types/block.go:281.19,283.3 1 0
github.com/tendermint/tendermint/types/block.go:288.48,289.28 1 0
github.com/tendermint/tendermint/types/block.go:297.2,297.24 1 0
github.com/tendermint/tendermint/types/block.go:289.28,291.47 2 0
github.com/tendermint/tendermint/types/block.go:291.47,295.4 1 0
github.com/tendermint/tendermint/types/block.go:301.51,303.2 1 0
github.com/tendermint/tendermint/types/block.go:306.39,308.2 1 0
github.com/tendermint/tendermint/types/block.go:311.45,312.29 1 1
github.com/tendermint/tendermint/types/block.go:315.2,315.33 1 1
github.com/tendermint/tendermint/types/block.go:318.2,321.46 2 1
github.com/tendermint/tendermint/types/block.go:342.2,342.12 1 1
github.com/tendermint/tendermint/types/block.go:312.29,314.3 1 0
github.com/tendermint/tendermint/types/block.go:315.33,317.3 1 0
github.com/tendermint/tendermint/types/block.go:321.46,323.23 1 10
github.com/tendermint/tendermint/types/block.go:327.3,327.42 1 8
github.com/tendermint/tendermint/types/block.go:332.3,332.33 1 8
github.com/tendermint/tendermint/types/block.go:337.3,337.31 1 8
github.com/tendermint/tendermint/types/block.go:323.23,324.12 1 2
github.com/tendermint/tendermint/types/block.go:327.42,330.4 1 0
github.com/tendermint/tendermint/types/block.go:332.33,335.4 1 0
github.com/tendermint/tendermint/types/block.go:337.31,340.4 1 0
github.com/tendermint/tendermint/types/block.go:346.41,347.24 1 0
github.com/tendermint/tendermint/types/block.go:354.2,354.20 1 0
github.com/tendermint/tendermint/types/block.go:347.24,349.47 2 0
github.com/tendermint/tendermint/types/block.go:352.3,352.50 1 0
github.com/tendermint/tendermint/types/block.go:349.47,351.4 1 0
github.com/tendermint/tendermint/types/block.go:358.60,359.19 1 0
github.com/tendermint/tendermint/types/block.go:362.2,363.46 2 0
github.com/tendermint/tendermint/types/block.go:366.2,372.23 1 0
github.com/tendermint/tendermint/types/block.go:359.19,361.3 1 0
github.com/tendermint/tendermint/types/block.go:363.46,365.3 1 0
github.com/tendermint/tendermint/types/block.go:390.37,391.22 1 0
github.com/tendermint/tendermint/types/block.go:394.2,394.18 1 0
github.com/tendermint/tendermint/types/block.go:391.22,393.3 1 0
github.com/tendermint/tendermint/types/block.go:398.56,399.17 1 0
github.com/tendermint/tendermint/types/block.go:402.2,403.30 2 0
github.com/tendermint/tendermint/types/block.go:410.2,414.21 1 0
github.com/tendermint/tendermint/types/block.go:399.17,401.3 1 0
github.com/tendermint/tendermint/types/block.go:403.30,404.14 1 0
github.com/tendermint/tendermint/types/block.go:408.3,408.42 1 0
github.com/tendermint/tendermint/types/block.go:404.14,406.9 2 0
github.com/tendermint/tendermint/types/block.go:426.38,428.2 1 11
github.com/tendermint/tendermint/types/block.go:431.51,434.2 1 7
github.com/tendermint/tendermint/types/block.go:437.37,439.2 1 108
github.com/tendermint/tendermint/types/block.go:442.72,443.22 1 0
github.com/tendermint/tendermint/types/block.go:443.22,445.3 1 0
github.com/tendermint/tendermint/types/block.go:445.3,447.3 1 0
github.com/tendermint/tendermint/types/block.go:452.40,454.2 1 0
github.com/tendermint/tendermint/types/validator_set.go:33.55,35.27 2 13
github.com/tendermint/tendermint/types/validator_set.go:38.2,43.17 3 13
github.com/tendermint/tendermint/types/validator_set.go:47.2,47.11 1 13
github.com/tendermint/tendermint/types/validator_set.go:35.27,37.3 1 173
github.com/tendermint/tendermint/types/validator_set.go:43.17,45.3 1 13
github.com/tendermint/tendermint/types/validator_set.go:52.55,55.40 2 10254
github.com/tendermint/tendermint/types/validator_set.go:61.2,61.29 1 10254
github.com/tendermint/tendermint/types/validator_set.go:55.40,58.3 2 40900
github.com/tendermint/tendermint/types/validator_set.go:61.29,63.19 2 15685
github.com/tendermint/tendermint/types/validator_set.go:66.3,67.59 2 15685
github.com/tendermint/tendermint/types/validator_set.go:63.19,65.4 1 9134
github.com/tendermint/tendermint/types/validator_set.go:71.50,73.40 2 1
github.com/tendermint/tendermint/types/validator_set.go:77.2,81.3 1 1
github.com/tendermint/tendermint/types/validator_set.go:73.40,76.3 1 10
github.com/tendermint/tendermint/types/validator_set.go:84.61,85.62 1 0
github.com/tendermint/tendermint/types/validator_set.go:88.2,88.94 1 0
github.com/tendermint/tendermint/types/validator_set.go:85.62,87.3 1 0
github.com/tendermint/tendermint/types/validator_set.go:91.86,92.62 1 2
github.com/tendermint/tendermint/types/validator_set.go:95.2,95.91 1 2
github.com/tendermint/tendermint/types/validator_set.go:92.62,94.3 1 8
github.com/tendermint/tendermint/types/validator_set.go:95.91,97.3 1 2
github.com/tendermint/tendermint/types/validator_set.go:97.3,99.3 1 0
github.com/tendermint/tendermint/types/validator_set.go:104.84,105.37 1 97
github.com/tendermint/tendermint/types/validator_set.go:108.2,109.32 2 97
github.com/tendermint/tendermint/types/validator_set.go:105.37,107.3 1 0
github.com/tendermint/tendermint/types/validator_set.go:112.40,114.2 1 32
github.com/tendermint/tendermint/types/validator_set.go:116.54,117.34 1 15782
github.com/tendermint/tendermint/types/validator_set.go:122.2,122.32 1 15782
github.com/tendermint/tendermint/types/validator_set.go:117.34,118.41 1 13
github.com/tendermint/tendermint/types/validator_set.go:118.41,120.4 1 173
github.com/tendermint/tendermint/types/validator_set.go:125.65,126.33 1 20243
github.com/tendermint/tendermint/types/validator_set.go:129.2,129.28 1 20243
github.com/tendermint/tendermint/types/validator_set.go:132.2,132.31 1 20243
github.com/tendermint/tendermint/types/validator_set.go:126.33,128.3 1 0
github.com/tendermint/tendermint/types/validator_set.go:129.28,131.3 1 0
github.com/tendermint/tendermint/types/validator_set.go:135.55,137.40 2 0
github.com/tendermint/tendermint/types/validator_set.go:142.2,142.17 1 0
github.com/tendermint/tendermint/types/validator_set.go:137.40,138.69 1 0
github.com/tendermint/tendermint/types/validator_set.go:138.69,140.4 1 0
github.com/tendermint/tendermint/types/validator_set.go:145.43,146.33 1 2
github.com/tendermint/tendermint/types/validator_set.go:149.2,150.40 2 2
github.com/tendermint/tendermint/types/validator_set.go:153.2,153.50 1 2
github.com/tendermint/tendermint/types/validator_set.go:146.33,148.3 1 0
github.com/tendermint/tendermint/types/validator_set.go:150.40,152.3 1 20
github.com/tendermint/tendermint/types/validator_set.go:156.62,158.62 2 0
github.com/tendermint/tendermint/types/validator_set.go:161.2,161.35 1 0
github.com/tendermint/tendermint/types/validator_set.go:158.62,160.3 1 0
github.com/tendermint/tendermint/types/validator_set.go:161.35,167.3 4 0
github.com/tendermint/tendermint/types/validator_set.go:167.3,167.69 1 0
github.com/tendermint/tendermint/types/validator_set.go:167.69,169.3 1 0
github.com/tendermint/tendermint/types/validator_set.go:169.3,179.3 8 0
github.com/tendermint/tendermint/types/validator_set.go:182.67,184.20 2 0
github.com/tendermint/tendermint/types/validator_set.go:184.20,186.3 1 0
github.com/tendermint/tendermint/types/validator_set.go:186.3,192.3 4 0
github.com/tendermint/tendermint/types/validator_set.go:195.83,196.62 1 0
github.com/tendermint/tendermint/types/validator_set.go:199.2,199.92 1 0
github.com/tendermint/tendermint/types/validator_set.go:196.62,198.3 1 0
github.com/tendermint/tendermint/types/validator_set.go:199.92,201.3 1 0
github.com/tendermint/tendermint/types/validator_set.go:201.3,204.37 3 0
github.com/tendermint/tendermint/types/validator_set.go:207.3,211.26 4 0
github.com/tendermint/tendermint/types/validator_set.go:204.37,206.4 1 0
github.com/tendermint/tendermint/types/validator_set.go:215.78,216.40 1 0
github.com/tendermint/tendermint/types/validator_set.go:216.40,218.11 2 0
github.com/tendermint/tendermint/types/validator_set.go:218.11,219.9 1 0
github.com/tendermint/tendermint/types/validator_set.go:225.109,226.45 1 0
github.com/tendermint/tendermint/types/validator_set.go:229.2,229.31 1 0
github.com/tendermint/tendermint/types/validator_set.go:233.2,236.48 3 0
github.com/tendermint/tendermint/types/validator_set.go:263.2,263.56 1 0
github.com/tendermint/tendermint/types/validator_set.go:226.45,228.3 1 0
github.com/tendermint/tendermint/types/validator_set.go:229.31,231.3 1 0
github.com/tendermint/tendermint/types/validator_set.go:236.48,238.23 1 0
github.com/tendermint/tendermint/types/validator_set.go:241.3,241.33 1 0
github.com/tendermint/tendermint/types/validator_set.go:244.3,244.31 1 0
github.com/tendermint/tendermint/types/validator_set.go:247.3,247.42 1 0
github.com/tendermint/tendermint/types/validator_set.go:250.3,253.71 3 0
github.com/tendermint/tendermint/types/validator_set.go:256.3,256.41 1 0
github.com/tendermint/tendermint/types/validator_set.go:260.3,260.40 1 0
github.com/tendermint/tendermint/types/validator_set.go:238.23,239.12 1 0
github.com/tendermint/tendermint/types/validator_set.go:241.33,243.4 1 0
github.com/tendermint/tendermint/types/validator_set.go:244.31,246.4 1 0
github.com/tendermint/tendermint/types/validator_set.go:247.42,249.4 1 0
github.com/tendermint/tendermint/types/validator_set.go:253.71,255.4 1 0
github.com/tendermint/tendermint/types/validator_set.go:256.41,257.12 1 0
github.com/tendermint/tendermint/types/validator_set.go:263.56,265.3 1 0
github.com/tendermint/tendermint/types/validator_set.go:265.3,268.3 1 0
github.com/tendermint/tendermint/types/validator_set.go:273.112,274.30 1 0
github.com/tendermint/tendermint/types/validator_set.go:297.46,300.17 3 10000
github.com/tendermint/tendermint/types/validator_set.go:303.2,303.20 1 10000
github.com/tendermint/tendermint/types/validator_set.go:300.17,302.3 1 0
github.com/tendermint/tendermint/types/validator_set.go:306.49,309.17 3 10000
github.com/tendermint/tendermint/types/validator_set.go:309.17,312.3 1 0
github.com/tendermint/tendermint/types/validator_set.go:315.45,317.2 1 0
github.com/tendermint/tendermint/types/validator_set.go:319.66,320.19 1 0
github.com/tendermint/tendermint/types/validator_set.go:323.2,324.54 2 0
github.com/tendermint/tendermint/types/validator_set.go:328.2,336.10 1 0
github.com/tendermint/tendermint/types/validator_set.go:320.19,322.3 1 0
github.com/tendermint/tendermint/types/validator_set.go:324.54,327.3 2 0
github.com/tendermint/tendermint/types/validator_set.go:345.41,347.2 1 13
github.com/tendermint/tendermint/types/validator_set.go:349.51,351.2 1 787
github.com/tendermint/tendermint/types/validator_set.go:353.46,357.2 3 343
github.com/tendermint/tendermint/types/validator_set.go:367.52,371.2 3 80380
github.com/tendermint/tendermint/types/validator_set.go:379.97,382.37 3 6
github.com/tendermint/tendermint/types/validator_set.go:387.2,389.31 3 6
github.com/tendermint/tendermint/types/validator_set.go:382.37,386.3 3 144
github.com/tendermint/tendermint/types/vote_set.go:63.99,64.17 1 6
github.com/tendermint/tendermint/types/vote_set.go:67.2,79.3 1 6
github.com/tendermint/tendermint/types/vote_set.go:64.17,66.3 1 0
github.com/tendermint/tendermint/types/vote_set.go:82.42,84.2 1 100
github.com/tendermint/tendermint/types/vote_set.go:86.38,87.20 1 0
github.com/tendermint/tendermint/types/vote_set.go:87.20,89.3 1 0
github.com/tendermint/tendermint/types/vote_set.go:89.3,91.3 1 0
github.com/tendermint/tendermint/types/vote_set.go:94.37,95.20 1 0
github.com/tendermint/tendermint/types/vote_set.go:95.20,97.3 1 0
github.com/tendermint/tendermint/types/vote_set.go:97.3,99.3 1 0
github.com/tendermint/tendermint/types/vote_set.go:102.37,103.20 1 0
github.com/tendermint/tendermint/types/vote_set.go:103.20,105.3 1 0
github.com/tendermint/tendermint/types/vote_set.go:105.3,107.3 1 0
github.com/tendermint/tendermint/types/vote_set.go:110.36,111.20 1 0
github.com/tendermint/tendermint/types/vote_set.go:111.20,113.3 1 0
github.com/tendermint/tendermint/types/vote_set.go:113.3,115.3 1 0
github.com/tendermint/tendermint/types/vote_set.go:126.69,127.20 1 100
github.com/tendermint/tendermint/types/vote_set.go:130.2,133.30 3 100
github.com/tendermint/tendermint/types/vote_set.go:127.20,129.3 1 0
github.com/tendermint/tendermint/types/vote_set.go:137.69,143.18 4 100
github.com/tendermint/tendermint/types/vote_set.go:150.2,152.32 1 100
github.com/tendermint/tendermint/types/vote_set.go:157.2,158.16 2 97
github.com/tendermint/tendermint/types/vote_set.go:163.2,163.39 1 97
github.com/tendermint/tendermint/types/vote_set.go:168.2,168.61 1 97
github.com/tendermint/tendermint/types/vote_set.go:177.2,177.79 1 97
github.com/tendermint/tendermint/types/vote_set.go:183.2,184.24 2 97
github.com/tendermint/tendermint/types/vote_set.go:143.18,145.3 1 0
github.com/tendermint/tendermint/types/vote_set.go:145.3,145.30 1 100
github.com/tendermint/tendermint/types/vote_set.go:145.30,147.3 1 0
github.com/tendermint/tendermint/types/vote_set.go:152.32,154.3 1 3
github.com/tendermint/tendermint/types/vote_set.go:158.16,160.3 1 0
github.com/tendermint/tendermint/types/vote_set.go:163.39,165.3 1 0
github.com/tendermint/tendermint/types/vote_set.go:168.61,169.48 1 0
github.com/tendermint/tendermint/types/vote_set.go:169.48,171.4 1 0
github.com/tendermint/tendermint/types/vote_set.go:171.4,173.4 1 0
github.com/tendermint/tendermint/types/vote_set.go:177.79,180.3 1 0
github.com/tendermint/tendermint/types/vote_set.go:184.24,189.3 1 5
github.com/tendermint/tendermint/types/vote_set.go:189.3,190.13 1 92
github.com/tendermint/tendermint/types/vote_set.go:193.3,193.20 1 92
github.com/tendermint/tendermint/types/vote_set.go:190.13,192.4 1 0
github.com/tendermint/tendermint/types/vote_set.go:199.86,200.96 1 97
github.com/tendermint/tendermint/types/vote_set.go:203.2,203.86 1 97
github.com/tendermint/tendermint/types/vote_set.go:206.2,206.19 1 97
github.com/tendermint/tendermint/types/vote_set.go:200.96,202.3 1 0
github.com/tendermint/tendermint/types/vote_set.go:203.86,205.3 1 0
github.com/tendermint/tendermint/types/vote_set.go:211.121,215.58 2 97
github.com/tendermint/tendermint/types/vote_set.go:234.2,235.8 2 97
github.com/tendermint/tendermint/types/vote_set.go:257.2,264.52 4 94
github.com/tendermint/tendermint/types/vote_set.go:278.2,278.26 1 94
github.com/tendermint/tendermint/types/vote_set.go:215.58,216.44 1 5
github.com/tendermint/tendermint/types/vote_set.go:222.3,222.62 1 5
github.com/tendermint/tendermint/types/vote_set.go:216.44,218.4 1 0
github.com/tendermint/tendermint/types/vote_set.go:218.4,220.4 1 5
github.com/tendermint/tendermint/types/vote_set.go:222.62,225.4 2 0
github.com/tendermint/tendermint/types/vote_set.go:227.3,232.3 3 92
github.com/tendermint/tendermint/types/vote_set.go:235.8,236.52 1 81
github.com/tendermint/tendermint/types/vote_set.go:236.52,239.4 1 0
github.com/tendermint/tendermint/types/vote_set.go:241.3,243.25 1 16
github.com/tendermint/tendermint/types/vote_set.go:243.25,247.4 1 3
github.com/tendermint/tendermint/types/vote_set.go:247.4,253.4 2 13
github.com/tendermint/tendermint/types/vote_set.go:264.52,266.27 1 4
github.com/tendermint/tendermint/types/vote_set.go:266.27,270.44 3 4
github.com/tendermint/tendermint/types/vote_set.go:270.44,271.20 1 124
github.com/tendermint/tendermint/types/vote_set.go:271.20,273.6 1 84
github.com/tendermint/tendermint/types/vote_set.go:286.70,287.20 1 3
github.com/tendermint/tendermint/types/vote_set.go:290.2,296.52 4 3
github.com/tendermint/tendermint/types/vote_set.go:303.2,307.8 3 2
github.com/tendermint/tendermint/types/vote_set.go:287.20,289.3 1 0
github.com/tendermint/tendermint/types/vote_set.go:296.52,297.31 1 1
github.com/tendermint/tendermint/types/vote_set.go:297.31,299.4 1 0
github.com/tendermint/tendermint/types/vote_set.go:299.4,301.4 1 1
github.com/tendermint/tendermint/types/vote_set.go:307.8,308.29 1 1
github.com/tendermint/tendermint/types/vote_set.go:308.29,310.4 1 1
github.com/tendermint/tendermint/types/vote_set.go:310.4,313.4 1 0
github.com/tendermint/tendermint/types/vote_set.go:314.3,318.3 2 1
github.com/tendermint/tendermint/types/vote_set.go:321.50,322.20 1 2
github.com/tendermint/tendermint/types/vote_set.go:325.2,327.37 3 2
github.com/tendermint/tendermint/types/vote_set.go:322.20,324.3 1 0
github.com/tendermint/tendermint/types/vote_set.go:330.74,331.20 1 0
github.com/tendermint/tendermint/types/vote_set.go:334.2,337.8 4 0
github.com/tendermint/tendermint/types/vote_set.go:340.2,340.12 1 0
github.com/tendermint/tendermint/types/vote_set.go:331.20,333.3 1 0
github.com/tendermint/tendermint/types/vote_set.go:337.8,339.3 1 0
github.com/tendermint/tendermint/types/vote_set.go:344.56,345.20 1 0
github.com/tendermint/tendermint/types/vote_set.go:348.2,350.32 3 0
github.com/tendermint/tendermint/types/vote_set.go:345.20,347.3 1 0
github.com/tendermint/tendermint/types/vote_set.go:353.60,354.20 1 2
github.com/tendermint/tendermint/types/vote_set.go:357.2,360.16 4 2
github.com/tendermint/tendermint/types/vote_set.go:363.2,363.32 1 2
github.com/tendermint/tendermint/types/vote_set.go:354.20,356.3 1 0
github.com/tendermint/tendermint/types/vote_set.go:360.16,362.3 1 0
github.com/tendermint/tendermint/types/vote_set.go:366.53,367.20 1 3
github.com/tendermint/tendermint/types/vote_set.go:370.2,372.29 3 3
github.com/tendermint/tendermint/types/vote_set.go:367.20,369.3 1 0
github.com/tendermint/tendermint/types/vote_set.go:375.41,376.20 1 0
github.com/tendermint/tendermint/types/vote_set.go:379.2,379.40 1 0
github.com/tendermint/tendermint/types/vote_set.go:382.2,384.29 3 0
github.com/tendermint/tendermint/types/vote_set.go:376.20,378.3 1 0
github.com/tendermint/tendermint/types/vote_set.go:379.40,381.3 1 0
github.com/tendermint/tendermint/types/vote_set.go:387.48,388.20 1 3
github.com/tendermint/tendermint/types/vote_set.go:391.2,393.60 3 3
github.com/tendermint/tendermint/types/vote_set.go:388.20,390.3 1 0
github.com/tendermint/tendermint/types/vote_set.go:396.39,398.2 1 0
github.com/tendermint/tendermint/types/vote_set.go:402.72,403.20 1 12
github.com/tendermint/tendermint/types/vote_set.go:406.2,408.26 3 12
github.com/tendermint/tendermint/types/vote_set.go:403.20,405.3 1 0
github.com/tendermint/tendermint/types/vote_set.go:408.26,410.3 1 3
github.com/tendermint/tendermint/types/vote_set.go:410.3,412.3 1 9
github.com/tendermint/tendermint/types/vote_set.go:415.41,416.20 1 0
github.com/tendermint/tendermint/types/vote_set.go:419.2,419.35 1 0
github.com/tendermint/tendermint/types/vote_set.go:416.20,418.3 1 0
github.com/tendermint/tendermint/types/vote_set.go:422.62,424.37 2 0
github.com/tendermint/tendermint/types/vote_set.go:431.2,441.10 1 0
github.com/tendermint/tendermint/types/vote_set.go:424.37,425.18 1 0
github.com/tendermint/tendermint/types/vote_set.go:425.18,427.4 1 0
github.com/tendermint/tendermint/types/vote_set.go:427.4,429.4 1 0
github.com/tendermint/tendermint/types/vote_set.go:444.46,445.20 1 0
github.com/tendermint/tendermint/types/vote_set.go:448.2,451.106 3 0
github.com/tendermint/tendermint/types/vote_set.go:445.20,447.3 1 0
github.com/tendermint/tendermint/types/vote_set.go:457.46,458.40 1 2
github.com/tendermint/tendermint/types/vote_set.go:461.2,465.26 3 2
github.com/tendermint/tendermint/types/vote_set.go:470.2,475.3 3 1
github.com/tendermint/tendermint/types/vote_set.go:458.40,460.3 1 0
github.com/tendermint/tendermint/types/vote_set.go:465.26,467.3 1 1
github.com/tendermint/tendermint/types/vote_set.go:493.67,500.2 1 14
github.com/tendermint/tendermint/types/vote_set.go:502.70,504.53 2 94
github.com/tendermint/tendermint/types/vote_set.go:504.53,508.3 3 94
github.com/tendermint/tendermint/types/vote_set.go:511.51,512.15 1 97
github.com/tendermint/tendermint/types/vote_set.go:515.2,515.24 1 81
github.com/tendermint/tendermint/types/vote_set.go:512.15,514.3 1 16
github.com/tendermint/tendermint/types/vote.go:27.52,29.2 1 0
github.com/tendermint/tendermint/types/vote.go:38.39,39.15 1 0
github.com/tendermint/tendermint/types/vote.go:40.23,41.14 1 0
github.com/tendermint/tendermint/types/vote.go:42.25,43.14 1 0
github.com/tendermint/tendermint/types/vote.go:44.10,45.15 1 0
github.com/tendermint/tendermint/types/vote.go:60.83,65.2 1 204
github.com/tendermint/tendermint/types/vote.go:67.32,70.2 2 116
github.com/tendermint/tendermint/types/vote.go:72.35,73.17 1 0
github.com/tendermint/tendermint/types/vote.go:76.2,77.19 2 0
github.com/tendermint/tendermint/types/vote.go:86.2,89.54 1 0
github.com/tendermint/tendermint/types/vote.go:73.17,75.3 1 0
github.com/tendermint/tendermint/types/vote.go:78.23,79.25 1 0
github.com/tendermint/tendermint/types/vote.go:80.25,81.27 1 0
github.com/tendermint/tendermint/types/vote.go:82.10,83.39 1 0
github.com/tendermint/tendermint/types/genesis.go:35.53,37.16 2 0
github.com/tendermint/tendermint/types/genesis.go:40.2,40.47 1 0
github.com/tendermint/tendermint/types/genesis.go:37.16,39.3 1 0
github.com/tendermint/tendermint/types/genesis.go:44.50,46.38 2 0
github.com/tendermint/tendermint/types/genesis.go:49.2,50.20 2 0
github.com/tendermint/tendermint/types/genesis.go:46.38,48.3 1 0
github.com/tendermint/tendermint/types/genesis.go:55.55,57.26 1 7
github.com/tendermint/tendermint/types/genesis.go:61.2,61.35 1 5
github.com/tendermint/tendermint/types/genesis.go:69.2,69.33 1 4
github.com/tendermint/tendermint/types/genesis.go:73.2,73.38 1 3
github.com/tendermint/tendermint/types/genesis.go:79.2,79.33 1 3
github.com/tendermint/tendermint/types/genesis.go:83.2,83.12 1 3
github.com/tendermint/tendermint/types/genesis.go:57.26,59.3 1 2
github.com/tendermint/tendermint/types/genesis.go:61.35,63.3 1 3
github.com/tendermint/tendermint/types/genesis.go:63.3,64.59 1 2
github.com/tendermint/tendermint/types/genesis.go:64.59,66.4 1 1
github.com/tendermint/tendermint/types/genesis.go:69.33,71.3 1 1
github.com/tendermint/tendermint/types/genesis.go:73.38,74.19 1 3
github.com/tendermint/tendermint/types/genesis.go:74.19,76.4 1 0
github.com/tendermint/tendermint/types/genesis.go:79.33,81.3 1 2
github.com/tendermint/tendermint/types/genesis.go:90.63,93.16 3 11
github.com/tendermint/tendermint/types/genesis.go:97.2,97.53 1 7
github.com/tendermint/tendermint/types/genesis.go:101.2,101.21 1 3
github.com/tendermint/tendermint/types/genesis.go:93.16,95.3 1 4
github.com/tendermint/tendermint/types/genesis.go:97.53,99.3 1 4
github.com/tendermint/tendermint/types/genesis.go:105.65,107.16 2 0
github.com/tendermint/tendermint/types/genesis.go:110.2,111.16 2 0
github.com/tendermint/tendermint/types/genesis.go:114.2,114.20 1 0
github.com/tendermint/tendermint/types/genesis.go:107.16,109.3 1 0
github.com/tendermint/tendermint/types/genesis.go:111.16,113.3 1 0
github.com/tendermint/tendermint/types/heartbeat.go:25.93,30.2 1 0
github.com/tendermint/tendermint/types/heartbeat.go:33.47,36.2 2 0
github.com/tendermint/tendermint/types/heartbeat.go:39.45,40.22 1 0
github.com/tendermint/tendermint/types/heartbeat.go:44.2,46.78 1 0
github.com/tendermint/tendermint/types/heartbeat.go:40.22,42.3 1 0
github.com/tendermint/tendermint/types/params.go:38.48,44.2 1 3
github.com/tendermint/tendermint/types/params.go:47.47,53.2 1 3
github.com/tendermint/tendermint/types/params.go:56.41,61.2 1 3
github.com/tendermint/tendermint/types/params.go:64.51,68.2 1 3
github.com/tendermint/tendermint/types/params.go:72.49,74.42 1 6
github.com/tendermint/tendermint/types/params.go:77.2,77.54 1 3
github.com/tendermint/tendermint/types/params.go:82.2,82.57 1 2
github.com/tendermint/tendermint/types/params.go:86.2,86.12 1 2
github.com/tendermint/tendermint/types/params.go:74.42,76.3 1 3
github.com/tendermint/tendermint/types/params.go:77.54,79.3 1 1
github.com/tendermint/tendermint/types/params.go:82.57,85.3 1 0
github.com/tendermint/tendermint/types/signable.go:18.51,21.17 3 211
github.com/tendermint/tendermint/types/signable.go:24.2,24.20 1 211
github.com/tendermint/tendermint/types/signable.go:21.17,23.3 1 0
github.com/tendermint/tendermint/types/signable.go:28.55,30.2 1 0
github.com/tendermint/tendermint/types/tx.go:20.28,22.2 1 17944
github.com/tendermint/tendermint/types/tx.go:25.30,27.2 1 0
github.com/tendermint/tendermint/types/tx.go:33.30,36.18 1 5038
github.com/tendermint/tendermint/types/tx.go:37.9,38.13 1 0
github.com/tendermint/tendermint/types/tx.go:39.9,40.23 1 2542
github.com/tendermint/tendermint/types/tx.go:41.10,44.53 3 2496
github.com/tendermint/tendermint/types/tx.go:49.33,50.21 1 340
github.com/tendermint/tendermint/types/tx.go:55.2,55.11 1 40
github.com/tendermint/tendermint/types/tx.go:50.21,51.30 1 3000
github.com/tendermint/tendermint/types/tx.go:51.30,53.4 1 300
github.com/tendermint/tendermint/types/tx.go:59.45,60.21 1 0
github.com/tendermint/tendermint/types/tx.go:65.2,65.11 1 0
github.com/tendermint/tendermint/types/tx.go:60.21,61.39 1 0
github.com/tendermint/tendermint/types/tx.go:61.39,63.4 1 0
github.com/tendermint/tendermint/types/tx.go:73.37,76.25 3 134
github.com/tendermint/tendermint/types/tx.go:79.2,87.3 2 134
github.com/tendermint/tendermint/types/tx.go:76.25,78.3 1 6632
github.com/tendermint/tendermint/types/tx.go:97.37,99.2 1 8676
github.com/tendermint/tendermint/types/tx.go:103.51,104.41 1 9550
github.com/tendermint/tendermint/types/tx.go:108.2,109.12 2 8582
github.com/tendermint/tendermint/types/tx.go:112.2,112.12 1 228
github.com/tendermint/tendermint/types/tx.go:104.41,106.3 1 968
github.com/tendermint/tendermint/types/tx.go:109.12,111.3 1 8354
github.com/tendermint/tendermint/types/part_set.go:32.33,33.22 1 302
github.com/tendermint/tendermint/types/part_set.go:33.22,35.3 1 102
github.com/tendermint/tendermint/types/part_set.go:35.3,40.3 4 200
github.com/tendermint/tendermint/types/part_set.go:43.35,45.2 1 0
github.com/tendermint/tendermint/types/part_set.go:47.56,56.2 1 0
github.com/tendermint/tendermint/types/part_set.go:65.42,67.2 1 0
github.com/tendermint/tendermint/types/part_set.go:69.40,71.2 1 10
github.com/tendermint/tendermint/types/part_set.go:73.59,75.2 1 1
github.com/tendermint/tendermint/types/part_set.go:77.74,79.2 1 0
github.com/tendermint/tendermint/types/part_set.go:95.61,101.29 5 2
github.com/tendermint/tendermint/types/part_set.go:111.2,112.29 2 2
github.com/tendermint/tendermint/types/part_set.go:115.2,121.3 1 2
github.com/tendermint/tendermint/types/part_set.go:101.29,109.3 4 200
github.com/tendermint/tendermint/types/part_set.go:112.29,114.3 1 200
github.com/tendermint/tendermint/types/part_set.go:125.58,133.2 1 2
github.com/tendermint/tendermint/types/part_set.go:135.43,136.15 1 2
github.com/tendermint/tendermint/types/part_set.go:136.15,138.3 1 0
github.com/tendermint/tendermint/types/part_set.go:138.3,143.3 1 2
github.com/tendermint/tendermint/types/part_set.go:146.57,147.15 1 0
github.com/tendermint/tendermint/types/part_set.go:147.15,149.3 1 0
github.com/tendermint/tendermint/types/part_set.go:149.3,151.3 1 0
github.com/tendermint/tendermint/types/part_set.go:154.45,158.2 3 0
github.com/tendermint/tendermint/types/part_set.go:160.34,161.15 1 105
github.com/tendermint/tendermint/types/part_set.go:164.2,164.16 1 105
github.com/tendermint/tendermint/types/part_set.go:161.15,163.3 1 0
github.com/tendermint/tendermint/types/part_set.go:167.47,168.15 1 0
github.com/tendermint/tendermint/types/part_set.go:171.2,171.35 1 0
github.com/tendermint/tendermint/types/part_set.go:168.15,170.3 1 0
github.com/tendermint/tendermint/types/part_set.go:174.32,175.15 1 0
github.com/tendermint/tendermint/types/part_set.go:178.2,178.17 1 0
github.com/tendermint/tendermint/types/part_set.go:175.15,177.3 1 0
github.com/tendermint/tendermint/types/part_set.go:181.32,182.15 1 103
github.com/tendermint/tendermint/types/part_set.go:185.2,185.17 1 103
github.com/tendermint/tendermint/types/part_set.go:182.15,184.3 1 0
github.com/tendermint/tendermint/types/part_set.go:188.67,193.28 3 102
github.com/tendermint/tendermint/types/part_set.go:198.2,198.33 1 102
github.com/tendermint/tendermint/types/part_set.go:203.2,203.12 1 102
github.com/tendermint/tendermint/types/part_set.go:210.2,213.18 4 100
github.com/tendermint/tendermint/types/part_set.go:193.28,195.3 1 0
github.com/tendermint/tendermint/types/part_set.go:198.33,200.3 1 0
github.com/tendermint/tendermint/types/part_set.go:203.12,204.71 1 102
github.com/tendermint/tendermint/types/part_set.go:204.71,206.4 1 2
github.com/tendermint/tendermint/types/part_set.go:216.45,220.2 3 102
github.com/tendermint/tendermint/types/part_set.go:222.38,224.2 1 3
github.com/tendermint/tendermint/types/part_set.go:226.42,227.22 1 1
github.com/tendermint/tendermint/types/part_set.go:230.2,230.35 1 1
github.com/tendermint/tendermint/types/part_set.go:227.22,229.3 1 0
github.com/tendermint/tendermint/types/part_set.go:239.53,245.2 1 1
github.com/tendermint/tendermint/types/part_set.go:247.61,249.25 2 313
github.com/tendermint/tendermint/types/part_set.go:260.2,261.29 2 100
github.com/tendermint/tendermint/types/part_set.go:264.2,265.20 2 99
github.com/tendermint/tendermint/types/part_set.go:249.25,251.3 1 113
github.com/tendermint/tendermint/types/part_set.go:251.3,251.26 1 200
github.com/tendermint/tendermint/types/part_set.go:251.26,253.17 2 100
github.com/tendermint/tendermint/types/part_set.go:256.3,257.22 2 100
github.com/tendermint/tendermint/types/part_set.go:253.17,255.4 1 0
github.com/tendermint/tendermint/types/part_set.go:261.29,263.3 1 1
github.com/tendermint/tendermint/types/part_set.go:268.41,269.15 1 0
github.com/tendermint/tendermint/types/part_set.go:269.15,271.3 1 0
github.com/tendermint/tendermint/types/part_set.go:271.3,275.3 3 0
github.com/tendermint/tendermint/types/priv_validator.go:25.34,26.19 1 6
github.com/tendermint/tendermint/types/priv_validator.go:27.23,28.21 1 6
github.com/tendermint/tendermint/types/priv_validator.go:29.25,30.23 1 0
github.com/tendermint/tendermint/types/priv_validator.go:31.10,33.11 2 0
github.com/tendermint/tendermint/types/priv_validator.go:85.59,89.2 1 150
github.com/tendermint/tendermint/types/priv_validator.go:92.69,94.2 1 102
github.com/tendermint/tendermint/types/priv_validator.go:98.52,100.2 1 1605
github.com/tendermint/tendermint/types/priv_validator.go:104.54,106.2 1 145
github.com/tendermint/tendermint/types/priv_validator.go:110.59,120.2 2 148
github.com/tendermint/tendermint/types/priv_validator.go:123.60,124.84 1 2
github.com/tendermint/tendermint/types/priv_validator.go:124.84,126.3 1 2
github.com/tendermint/tendermint/types/priv_validator.go:131.65,133.45 2 2
github.com/tendermint/tendermint/types/priv_validator.go:139.2,139.16 1 2
github.com/tendermint/tendermint/types/priv_validator.go:133.45,135.3 1 1
github.com/tendermint/tendermint/types/priv_validator.go:135.3,138.3 2 1
github.com/tendermint/tendermint/types/priv_validator.go:146.109,148.16 2 2
github.com/tendermint/tendermint/types/priv_validator.go:151.2,153.16 3 2
github.com/tendermint/tendermint/types/priv_validator.go:157.2,159.16 3 2
github.com/tendermint/tendermint/types/priv_validator.go:148.16,150.3 1 0
github.com/tendermint/tendermint/types/priv_validator.go:153.16,155.3 1 0
github.com/tendermint/tendermint/types/priv_validator.go:163.40,167.2 3 2
github.com/tendermint/tendermint/types/priv_validator.go:169.40,170.28 1 4
github.com/tendermint/tendermint/types/priv_validator.go:173.2,174.16 2 4
github.com/tendermint/tendermint/types/priv_validator.go:178.2,179.16 2 4
github.com/tendermint/tendermint/types/priv_validator.go:170.28,172.3 1 0
github.com/tendermint/tendermint/types/priv_validator.go:174.16,177.3 1 0
github.com/tendermint/tendermint/types/priv_validator.go:179.16,182.3 1 0
github.com/tendermint/tendermint/types/priv_validator.go:187.41,194.2 6 0
github.com/tendermint/tendermint/types/priv_validator.go:198.76,202.16 4 6
github.com/tendermint/tendermint/types/priv_validator.go:205.2,206.12 2 2
github.com/tendermint/tendermint/types/priv_validator.go:202.16,204.3 1 4
github.com/tendermint/tendermint/types/priv_validator.go:211.88,215.16 4 6
github.com/tendermint/tendermint/types/priv_validator.go:218.2,219.12 2 2
github.com/tendermint/tendermint/types/priv_validator.go:215.16,217.3 1 4
github.com/tendermint/tendermint/types/priv_validator.go:225.120,229.33 2 12
github.com/tendermint/tendermint/types/priv_validator.go:233.2,233.34 1 8
github.com/tendermint/tendermint/types/priv_validator.go:261.2,262.16 2 2
github.com/tendermint/tendermint/types/priv_validator.go:267.2,274.17 7 2
github.com/tendermint/tendermint/types/priv_validator.go:229.33,231.3 1 4
github.com/tendermint/tendermint/types/priv_validator.go:233.34,235.32 1 6
github.com/tendermint/tendermint/types/priv_validator.go:239.3,239.33 1 4
github.com/tendermint/tendermint/types/priv_validator.go:235.32,237.4 1 2
github.com/tendermint/tendermint/types/priv_validator.go:239.33,240.31 1 4
github.com/tendermint/tendermint/types/priv_validator.go:240.31,242.5 1 0
github.com/tendermint/tendermint/types/priv_validator.go:242.5,242.39 1 4
github.com/tendermint/tendermint/types/priv_validator.go:242.39,243.37 1 4
github.com/tendermint/tendermint/types/priv_validator.go:255.5,255.46 1 2
github.com/tendermint/tendermint/types/priv_validator.go:243.37,244.39 1 4
github.com/tendermint/tendermint/types/priv_validator.go:250.6,250.55 1 4
github.com/tendermint/tendermint/types/priv_validator.go:244.39,246.7 1 0
github.com/tendermint/tendermint/types/priv_validator.go:250.55,253.7 1 2
github.com/tendermint/tendermint/types/priv_validator.go:262.16,264.3 1 0
github.com/tendermint/tendermint/types/priv_validator.go:279.91,285.2 5 0
github.com/tendermint/tendermint/types/priv_validator.go:288.49,290.2 1 0
github.com/tendermint/tendermint/types/priv_validator.go:296.46,298.2 1 6
github.com/tendermint/tendermint/types/priv_validator.go:300.56,302.2 1 749
github.com/tendermint/tendermint/types/priv_validator.go:304.51,308.2 3 327
github.com/tendermint/tendermint/types/proposal.go:33.117,41.2 1 0
github.com/tendermint/tendermint/types/proposal.go:44.36,47.2 1 0
github.com/tendermint/tendermint/types/proposal.go:50.84,55.2 1 7
github.com/tendermint/tendermint/types/validator.go:25.71,32.2 1 154
github.com/tendermint/tendermint/types/validator.go:36.39,39.2 2 20525
github.com/tendermint/tendermint/types/validator.go:42.63,43.14 1 80380
github.com/tendermint/tendermint/types/validator.go:46.2,46.27 1 80380
github.com/tendermint/tendermint/types/validator.go:43.14,45.3 1 0
github.com/tendermint/tendermint/types/validator.go:46.27,48.3 1 34671
github.com/tendermint/tendermint/types/validator.go:48.3,48.34 1 45709
github.com/tendermint/tendermint/types/validator.go:48.34,50.3 1 406
github.com/tendermint/tendermint/types/validator.go:50.3,51.50 1 45303
github.com/tendermint/tendermint/types/validator.go:51.50,53.4 1 17996
github.com/tendermint/tendermint/types/validator.go:53.4,53.57 1 27307
github.com/tendermint/tendermint/types/validator.go:53.57,55.4 1 27307
github.com/tendermint/tendermint/types/validator.go:55.4,58.4 2 0
github.com/tendermint/tendermint/types/validator.go:62.37,63.14 1 0
github.com/tendermint/tendermint/types/validator.go:66.2,70.11 1 0
github.com/tendermint/tendermint/types/validator.go:63.14,65.3 1 0
github.com/tendermint/tendermint/types/validator.go:75.35,85.2 1 20
github.com/tendermint/tendermint/types/validator.go:93.81,95.2 1 0
github.com/tendermint/tendermint/types/validator.go:97.78,99.2 1 0
github.com/tendermint/tendermint/types/validator.go:101.70,104.2 2 0
github.com/tendermint/tendermint/types/validator.go:111.83,115.15 4 144
github.com/tendermint/tendermint/types/validator.go:118.2,119.21 2 144
github.com/tendermint/tendermint/types/validator.go:115.15,117.3 1 0
github.com/tendermint/tendermint/types/block_meta.go:10.65,15.2 1 0
github.com/tendermint/tendermint/types/canonical_json.go:63.61,68.2 1 211
github.com/tendermint/tendermint/types/canonical_json.go:70.75,75.2 1 218
github.com/tendermint/tendermint/types/canonical_json.go:77.66,85.2 1 7
github.com/tendermint/tendermint/types/canonical_json.go:87.50,94.2 1 204
github.com/tendermint/tendermint/types/canonical_json.go:96.70,104.2 1 0
github.com/tendermint/tendermint/types/events.go:14.34,14.51 1 0
github.com/tendermint/tendermint/types/events.go:15.34,15.53 1 0
github.com/tendermint/tendermint/types/events.go:16.34,16.53 1 0
github.com/tendermint/tendermint/types/events.go:17.34,17.54 1 0
github.com/tendermint/tendermint/types/events.go:18.34,18.51 1 0
github.com/tendermint/tendermint/types/events.go:19.34,19.72 1 0
github.com/tendermint/tendermint/types/events.go:21.43,21.64 1 0
github.com/tendermint/tendermint/types/events.go:22.43,22.70 1 0
github.com/tendermint/tendermint/types/events.go:23.43,23.64 1 0
github.com/tendermint/tendermint/types/events.go:24.43,24.68 1 0
github.com/tendermint/tendermint/types/events.go:25.43,25.70 1 0
github.com/tendermint/tendermint/types/events.go:26.43,26.72 1 0
github.com/tendermint/tendermint/types/events.go:27.43,27.61 1 0
github.com/tendermint/tendermint/types/events.go:28.43,28.62 1 0
github.com/tendermint/tendermint/types/events.go:29.43,29.60 1 0
github.com/tendermint/tendermint/types/events.go:30.43,30.62 1 0
github.com/tendermint/tendermint/types/events.go:31.43,31.67 1 0
github.com/tendermint/tendermint/types/events.go:32.43,32.60 1 0
github.com/tendermint/tendermint/types/events.go:34.44,34.74 1 0
github.com/tendermint/tendermint/types/events.go:59.54,61.2 1 0
github.com/tendermint/tendermint/types/events.go:63.64,65.33 2 0
github.com/tendermint/tendermint/types/events.go:68.2,68.8 1 0
github.com/tendermint/tendermint/types/events.go:65.33,67.3 1 0
github.com/tendermint/tendermint/types/events.go:71.50,73.72 2 0
github.com/tendermint/tendermint/types/events.go:76.2,76.13 1 0
github.com/tendermint/tendermint/types/events.go:73.72,75.3 1 0
github.com/tendermint/tendermint/types/events.go:79.37,81.2 1 0
github.com/tendermint/tendermint/types/events.go:143.56,143.58 0 0
github.com/tendermint/tendermint/types/events.go:144.56,144.58 0 0
github.com/tendermint/tendermint/types/events.go:145.56,145.58 0 0
github.com/tendermint/tendermint/types/events.go:146.56,146.58 0 0
github.com/tendermint/tendermint/types/events.go:147.56,147.58 0 0
github.com/tendermint/tendermint/types/events.go:149.59,149.61 0 0
github.com/tendermint/tendermint/types/events.go:171.35,173.2 1 0
github.com/tendermint/tendermint/types/events.go:175.49,177.2 1 0
github.com/tendermint/tendermint/types/events.go:180.74,181.21 1 0
github.com/tendermint/tendermint/types/events.go:181.21,183.3 1 0
github.com/tendermint/tendermint/types/events.go:186.89,187.66 1 0
github.com/tendermint/tendermint/types/events.go:187.66,189.3 1 0
github.com/tendermint/tendermint/types/events.go:195.75,197.2 1 0
github.com/tendermint/tendermint/types/events.go:199.88,201.2 1 0
github.com/tendermint/tendermint/types/events.go:203.66,205.2 1 0
github.com/tendermint/tendermint/types/events.go:207.60,209.2 1 0
github.com/tendermint/tendermint/types/events.go:213.78,215.2 1 0
github.com/tendermint/tendermint/types/events.go:217.80,219.2 1 0
github.com/tendermint/tendermint/types/events.go:221.77,223.2 1 0
github.com/tendermint/tendermint/types/events.go:225.74,227.2 1 0
github.com/tendermint/tendermint/types/events.go:229.82,231.2 1 0
github.com/tendermint/tendermint/types/events.go:233.71,235.2 1 0
github.com/tendermint/tendermint/types/events.go:237.72,239.2 1 0
github.com/tendermint/tendermint/types/events.go:241.72,243.2 1 0
github.com/tendermint/tendermint/types/events.go:245.70,247.2 1 0
github.com/tendermint/tendermint/types/events.go:249.90,251.2 1 0
github.com/tendermint/tendermint/types/protobuf.go:13.51,24.2 1 0
github.com/tendermint/tendermint/types/protobuf.go:26.54,31.2 1 0
github.com/tendermint/tendermint/types/protobuf.go:33.78,38.2 1 0
github.com/tendermint/tendermint/types/protobuf.go:40.57,45.2 1 0
github.com/tendermint/tendermint/types/protobuf.go:47.64,49.38 2 0
github.com/tendermint/tendermint/types/protobuf.go:52.2,52.19 1 0
github.com/tendermint/tendermint/types/protobuf.go:49.38,51.3 1 0
github.com/tendermint/tendermint/types/services.go:40.68,40.70 0 0
github.com/tendermint/tendermint/types/services.go:41.68,41.70 0 0
github.com/tendermint/tendermint/types/services.go:42.68,42.80 1 0
github.com/tendermint/tendermint/types/services.go:43.68,43.82 1 0
github.com/tendermint/tendermint/types/services.go:44.68,44.84 1 0
github.com/tendermint/tendermint/types/services.go:45.68,45.70 0 0
github.com/tendermint/tendermint/types/services.go:46.68,46.70 0 0
github.com/tendermint/tendermint/types/services.go:47.68,47.93 1 0
github.com/tendermint/tendermint/types/services.go:48.68,48.70 0 0
